\BOOKMARK [1][-]{Section.0.Introduction.1}{Introduction}{}
\BOOKMARK [1][-]{Section.1.Spatial statistical models on stream networks.1}{Spatial statistical models on stream networks}{}
\BOOKMARK [2][-]{Subsection.2.0.Background.2}{Background}{Section.1.Spatial statistical models on stream networks.1}
\BOOKMARK [2][-]{Subsection.2.1.Tail-up models.2}{Tail-up models}{Section.1.Spatial statistical models on stream networks.1}
\BOOKMARK [2][-]{Subsection.2.2.Weights for tail-up models.2}{Weights for tail-up models}{Section.1.Spatial statistical models on stream networks.1}
\BOOKMARK [2][-]{Subsection.2.3.Tail-down models.2}{Tail-down models}{Section.1.Spatial statistical models on stream networks.1}
\BOOKMARK [2][-]{Subsection.2.4.Euclidean distance models.2}{Euclidean distance models}{Section.1.Spatial statistical models on stream networks.1}
\BOOKMARK [2][-]{Subsection.2.5.Random effects models.2}{Random effects models}{Section.1.Spatial statistical models on stream networks.1}
\BOOKMARK [2][-]{Subsection.2.6.Spatial linear mixed models.2}{Spatial linear mixed models}{Section.1.Spatial statistical models on stream networks.1}
\BOOKMARK [2][-]{Subsection.2.7.Spatial generalized linear mixed models.2}{Spatial generalized linear mixed models}{Section.1.Spatial statistical models on stream networks.1}
\BOOKMARK [1][-]{Section.2.The S4 SpatialStreamNetwork object.1}{The S4 SpatialStreamNetwork object}{}
\BOOKMARK [2][-]{Subsection.3.0.Input data.2}{Input data}{Section.2.The S4 SpatialStreamNetwork object.1}
\BOOKMARK [2][-]{Subsection.3.1.Object structure.2}{Object structure}{Section.2.The S4 SpatialStreamNetwork object.1}
\BOOKMARK [1][-]{Section.3.Manipulating the SpatialStreamNetwork object.1}{Manipulating the SpatialStreamNetwork object}{}
\BOOKMARK [2][-]{Subsection.4.0.Data available in the SSN package.2}{Data available in the SSN package}{Section.3.Manipulating the SpatialStreamNetwork object.1}
\BOOKMARK [2][-]{Subsection.4.1.Importing and subsetting the SpatialStreamNetwork object.2}{Importing and subsetting the SpatialStreamNetwork object}{Section.3.Manipulating the SpatialStreamNetwork object.1}
\BOOKMARK [2][-]{Subsection.4.2.Generating an additive function value.2}{Generating an additive function value}{Section.3.Manipulating the SpatialStreamNetwork object.1}
\BOOKMARK [2][-]{Subsection.4.3.Calculating distance matrices.2}{Calculating distance matrices}{Section.3.Manipulating the SpatialStreamNetwork object.1}
\BOOKMARK [1][-]{Section.4.Data analysis using SSN.1}{Data analysis using SSN}{}
\BOOKMARK [2][-]{Subsection.5.0.Exploratory data analysis.2}{Exploratory data analysis}{Section.4.Data analysis using SSN.1}
\BOOKMARK [2][-]{Subsection.5.1.Model fitting.2}{Model fitting}{Section.4.Data analysis using SSN.1}
\BOOKMARK [2][-]{Subsection.5.2.Residuals and diagnostics.2}{Residuals and diagnostics}{Section.4.Data analysis using SSN.1}
\BOOKMARK [2][-]{Subsection.5.3.Model selection.2}{Model selection}{Section.4.Data analysis using SSN.1}
\BOOKMARK [2][-]{Subsection.5.4.Prediction.2}{Prediction}{Section.4.Data analysis using SSN.1}
\BOOKMARK [1][-]{Section.5.Simulating stream network data.1}{Simulating stream network data}{}
\BOOKMARK [2][-]{Subsection.6.0.Creating a SpatialStreamNetwork object.2}{Creating a SpatialStreamNetwork object}{Section.5.Simulating stream network data.1}
\BOOKMARK [2][-]{Subsection.6.1.Simulating data on the SpatialStreamNetwork object.2}{Simulating data on the SpatialStreamNetwork object}{Section.5.Simulating stream network data.1}
\BOOKMARK [1][-]{Section.6.Discussion and future development.1}{Discussion and future development}{}
\BOOKMARK [1][-]{Section.7.Acknowledgments.1}{Acknowledgments}{}
